<?xml version="1.0" encoding="UTF-8" ?>
<testsuite tests="9" failures="0" name="com.datapirates.ums.dao.UserDaoTest" time="0.25" errors="0" skipped="0">
  <properties>
[...]
</properties>
  <testcase classname="com.datapirates.ums.dao.UserDaoTest" name="testUnblockUser" time="0.214"/>
  <testcase classname="com.datapirates.ums.dao.UserDaoTest" name="testRegister1" time="0.004"/>
  <testcase classname="com.datapirates.ums.dao.UserDaoTest" name="testValidateUser1" time="0.003"/>
  <testcase classname="com.datapirates.ums.dao.UserDaoTest" name="testValidateUser2" time="0.007"/>
  <testcase classname="com.datapirates.ums.dao.UserDaoTest" name="testValidateUser3" time="0.003"/>
  <testcase classname="com.datapirates.ums.dao.UserDaoTest" name="testValidateUser4" time="0.002"/>
  <testcase classname="com.datapirates.ums.dao.UserDaoTest" name="testValidateUser5" time="0.004"/>
  <testcase classname="com.datapirates.ums.dao.UserDaoTest" name="testDelete" time="0.006"/>
  <testcase classname="com.datapirates.ums.dao.UserDaoTest" name="testBlockUser" time="0.007"/>
</testsuite>